# JRE version: OpenJDK Runtime Environment (16.0.1+9) (build 16.0.1+9-24)
# Java VM: OpenJDK 64-Bit Server VM (16.0.1+9-24, mixed mode, sharing, tiered, compressed oops, compressed class ptrs, g1 gc, windows-amd64)
GC Precious Log:
 CPUs: 6 total, 6 available
 Memory: 16220M
 Large Page Support: Disabled
 NUMA Support: Disabled
 Compressed Oops: Enabled (Zero based)
 Heap Region Size: 2M
 Heap Min Capacity: 8M
 Heap Initial Capacity: 254M
 Heap Max Capacity: 4056M
 Pre-touch: Disabled
 Parallel Workers: 6
 Concurrent Workers: 2
 Concurrent Refinement Workers: 6
 Periodic GC: Disabled
Heap:
 garbage-first heap   total 942080K, used 58290K [0x0000000702800000, 0x0000000800000000)
  region size 2048K, 8 young (16384K), 8 survivors (16384K)
 Metaspace       used 2869K, committed 3008K, reserved 1056768K
  class space    used 184K, committed 256K, reserved 1048576K
GC Heap History (20 events):
Event: 2599.906 GC heap after
{Heap after GC invocations=5991 (full 0):
 garbage-first heap   total 878592K, used 414592K [0x0000000702800000, 0x0000000800000000)
  region size 2048K, 13 young (26624K), 13 survivors (26624K)
 Metaspace       used 2869K, committed 3008K, reserved 1056768K
  class space    used 184K, committed 256K, reserved 1048576K
}
Event: 2600.138 GC heap before
{Heap before GC invocations=5991 (full 0):
 garbage-first heap   total 878592K, used 740224K [0x0000000702800000, 0x0000000800000000)
  region size 2048K, 172 young (352256K), 13 survivors (26624K)
 Metaspace       used 2869K, committed 3008K, reserved 1056768K
  class space    used 184K, committed 256K, reserved 1048576K
}
Event: 2600.144 GC heap after
{Heap after GC invocations=5992 (full 0):
 garbage-first heap   total 878592K, used 417920K [0x0000000702800000, 0x0000000800000000)
  region size 2048K, 14 young (28672K), 14 survivors (28672K)
 Metaspace       used 2869K, committed 3008K, reserved 1056768K
  class space    used 184K, committed 256K, reserved 1048576K
}
Event: 2600.382 GC heap before
{Heap before GC invocations=5992 (full 0):
 garbage-first heap   total 878592K, used 739456K [0x0000000702800000, 0x0000000800000000)
  region size 2048K, 171 young (350208K), 14 survivors (28672K)
 Metaspace       used 2869K, committed 3008K, reserved 1056768K
  class space    used 184K, committed 256K, reserved 1048576K
}
Event: 2600.387 GC heap after
{Heap after GC invocations=5993 (full 0):
 garbage-first heap   total 878592K, used 418224K [0x0000000702800000, 0x0000000800000000)
  region size 2048K, 14 young (28672K), 14 survivors (28672K)
 Metaspace       used 2869K, committed 3008K, reserved 1056768K
  class space    used 184K, committed 256K, reserved 1048576K
}
Event: 2600.624 GC heap before
{Heap before GC invocations=5993 (full 0):
 garbage-first heap   total 878592K, used 739760K [0x0000000702800000, 0x0000000800000000)
  region size 2048K, 171 young (350208K), 14 survivors (28672K)
 Metaspace       used 2869K, committed 3008K, reserved 1056768K
  class space    used 184K, committed 256K, reserved 1048576K
}
Event: 2600.629 GC heap after
{Heap after GC invocations=5994 (full 0):
 garbage-first heap   total 878592K, used 418832K [0x0000000702800000, 0x0000000800000000)
  region size 2048K, 13 young (26624K), 13 survivors (26624K)
 Metaspace       used 2869K, committed 3008K, reserved 1056768K
  class space    used 184K, committed 256K, reserved 1048576K
}
Event: 2600.866 GC heap before
{Heap before GC invocations=5994 (full 0):
 garbage-first heap   total 878592K, used 740368K [0x0000000702800000, 0x0000000800000000)
  region size 2048K, 170 young (348160K), 13 survivors (26624K)
 Metaspace       used 2869K, committed 3008K, reserved 1056768K
  class space    used 184K, committed 256K, reserved 1048576K
}
Event: 2600.871 GC heap after
{Heap after GC invocations=5995 (full 0):
 garbage-first heap   total 878592K, used 420751K [0x0000000702800000, 0x0000000800000000)
  region size 2048K, 14 young (28672K), 14 survivors (28672K)
 Metaspace       used 2869K, committed 3008K, reserved 1056768K
  class space    used 184K, committed 256K, reserved 1048576K
}
Event: 2601.114 GC heap before
{Heap before GC invocations=5995 (full 0):
 garbage-first heap   total 878592K, used 740239K [0x0000000702800000, 0x0000000800000000)
  region size 2048K, 170 young (348160K), 14 survivors (28672K)
 Metaspace       used 2869K, committed 3008K, reserved 1056768K
  class space    used 184K, committed 256K, reserved 1048576K
}
Event: 2601.119 GC heap after
{Heap after GC invocations=5996 (full 0):
 garbage-first heap   total 878592K, used 422069K [0x0000000702800000, 0x0000000800000000)
  region size 2048K, 14 young (28672K), 14 survivors (28672K)
 Metaspace       used 2869K, committed 3008K, reserved 1056768K
  class space    used 184K, committed 256K, reserved 1048576K
}
Event: 2601.350 GC heap before
{Heap before GC invocations=5996 (full 0):
 garbage-first heap   total 878592K, used 739509K [0x0000000702800000, 0x0000000800000000)
  region size 2048K, 169 young (346112K), 14 survivors (28672K)
 Metaspace       used 2869K, committed 3008K, reserved 1056768K
  class space    used 184K, committed 256K, reserved 1048576K
}
Event: 2601.355 GC heap after
{Heap after GC invocations=5997 (full 0):
 garbage-first heap   total 878592K, used 422641K [0x0000000702800000, 0x0000000800000000)
  region size 2048K, 13 young (26624K), 13 survivors (26624K)
 Metaspace       used 2869K, committed 3008K, reserved 1056768K
  class space    used 184K, committed 256K, reserved 1048576K
}
Event: 2601.606 GC heap before
{Heap before GC invocations=5998 (full 0):
 garbage-first heap   total 471040K, used 450459K [0x0000000702800000, 0x0000000800000000)
  region size 2048K, 169 young (346112K), 13 survivors (26624K)
 Metaspace       used 2869K, committed 3008K, reserved 1056768K
  class space    used 184K, committed 256K, reserved 1048576K
}
Event: 2601.612 GC heap after
{Heap after GC invocations=5999 (full 0):
 garbage-first heap   total 481280K, used 132832K [0x0000000702800000, 0x0000000800000000)
  region size 2048K, 14 young (28672K), 14 survivors (28672K)
 Metaspace       used 2869K, committed 3008K, reserved 1056768K
  class space    used 184K, committed 256K, reserved 1048576K
}
Event: 2601.614 GC heap before
{Heap before GC invocations=5999 (full 0):
 garbage-first heap   total 481280K, used 134880K [0x0000000702800000, 0x0000000800000000)
  region size 2048K, 15 young (30720K), 14 survivors (28672K)
 Metaspace       used 2869K, committed 3008K, reserved 1056768K
  class space    used 184K, committed 256K, reserved 1048576K
}
Event: 2601.619 GC heap after
{Heap after GC invocations=6000 (full 0):
 garbage-first heap   total 481280K, used 84272K [0x0000000702800000, 0x0000000800000000)
  region size 2048K, 1 young (2048K), 1 survivors (2048K)
 Metaspace       used 2869K, committed 3008K, reserved 1056768K
  class space    used 184K, committed 256K, reserved 1048576K
}
Event: 2601.639 GC heap before
{Heap before GC invocations=6000 (full 0):
 garbage-first heap   total 481280K, used 104752K [0x0000000702800000, 0x0000000800000000)
  region size 2048K, 11 young (22528K), 1 survivors (2048K)
 Metaspace       used 2869K, committed 3008K, reserved 1056768K
  class space    used 184K, committed 256K, reserved 1048576K
}
Event: 2601.641 GC heap after
{Heap after GC invocations=6001 (full 0):
 garbage-first heap   total 481280K, used 44523K [0x0000000702800000, 0x0000000800000000)
  region size 2048K, 1 young (2048K), 1 survivors (2048K)
 Metaspace       used 2869K, committed 3008K, reserved 1056768K
  class space    used 184K, committed 256K, reserved 1048576K
}
Event: 2601.847 GC heap before
{Heap before GC invocations=6001 (full 0):
 garbage-first heap   total 481280K, used 331243K [0x0000000702800000, 0x0000000800000000)
  region size 2048K, 141 young (288768K), 1 survivors (2048K)
 Metaspace       used 2869K, committed 3008K, reserved 1056768K
  class space    used 184K, committed 256K, reserved 1048576K
}

